Removed Pin From Net: NetName=BUCK_IN Pin=JP1-1
Removed Pin From Net: NetName=GND Pin=JP1-2
Removed Pin From Net: NetName=BUCK_IN Pin=JP2-1
Removed Pin From Net: NetName=GND Pin=JP2-2
Removed Pin From Net: NetName=GND Pin=P14-1
Removed Pin From Net: NetName=GND Pin=P15-1
Removed Pin From Net: NetName=GND Pin=P16-1
Removed Pin From Net: NetName=VCC Pin=P17-1
Removed Pin From Net: NetName=VCC Pin=P18-1
Removed Pin From Net: NetName=RESET Pin=P19-1
Removed Pin From Net: NetName=RESET Pin=P20-1
Removed Member From Class: ClassName=HeadBoard Member=JP1
Removed Member From Class: ClassName=HeadBoard Member=JP2
Removed Member From Class: ClassName=HeadBoard Member=P14
Removed Member From Class: ClassName=HeadBoard Member=P15
Removed Member From Class: ClassName=HeadBoard Member=P16
Removed Member From Class: ClassName=HeadBoard Member=P17
Removed Member From Class: ClassName=HeadBoard Member=P18
Removed Member From Class: ClassName=HeadBoard Member=P19
Removed Member From Class: ClassName=HeadBoard Member=P20
