Added Component: Designator=P14(PIN1)
Added Component: Designator=P15(PIN1)
Added Component: Designator=P16(PIN1)
Added Component: Designator=P17(PIN1)
Added Component: Designator=P18(PIN1)
Added Component: Designator=P19(PIN1)
Added Component: Designator=P20(PIN1)
Added Pin To Net: NetName=GND Pin=P14-1
Added Pin To Net: NetName=GND Pin=P15-1
Added Pin To Net: NetName=GND Pin=P16-1
Added Pin To Net: NetName=VCC Pin=P17-1
Added Pin To Net: NetName=VCC Pin=P18-1
Added Pin To Net: NetName=BUCK_IN Pin=P19-1
Added Pin To Net: NetName=BUCK_IN Pin=P20-1
Added Member To Class: ClassName=HeadBoard Member=Component P14 Plug
Added Member To Class: ClassName=HeadBoard Member=Component P15 Plug
Added Member To Class: ClassName=HeadBoard Member=Component P16 Plug
Added Member To Class: ClassName=HeadBoard Member=Component P17 Plug
Added Member To Class: ClassName=HeadBoard Member=Component P18 Plug
Added Member To Class: ClassName=HeadBoard Member=Component P19 Plug
Added Member To Class: ClassName=HeadBoard Member=Component P20 Plug
