Added Component: Designator=P1(RJ45)
Added Component: Designator=P2(USB_Female)
Added Component: Designator=P3(HDR2X2)
Added Component: Designator=P4(HDR1X2)
Added Component: Designator=P5(HDR1X2)
Added Component: Designator=P6(HDR2X2)
Added Component: Designator=P7(RJ45)
Added Pin To Net: NetName=GND Pin=P1-1
Added Pin To Net: NetName=BOOST_OUT Pin=P1-2
Added Pin To Net: NetName=RX- Pin=P1-3
Added Pin To Net: NetName=D- Pin=P1-4
Added Pin To Net: NetName=D+ Pin=P1-5
Added Pin To Net: NetName=RX+ Pin=P1-6
Added Pin To Net: NetName=TX- Pin=P1-7
Added Pin To Net: NetName=TX+ Pin=P1-8
Added Pin To Net: NetName=VCC Pin=P2-1
Added Pin To Net: NetName=D- Pin=P2-2
Added Pin To Net: NetName=D+ Pin=P2-3
Added Pin To Net: NetName=GND Pin=P2-4
Added Pin To Net: NetName=GND Pin=P2-4
Added Pin To Net: NetName=VCC Pin=P3-1
Added Pin To Net: NetName=GND Pin=P3-2
Added Pin To Net: NetName=VIN Pin=P3-3
Added Pin To Net: NetName=GND Pin=P3-4
Added Pin To Net: NetName=VIN Pin=P4-1
Added Pin To Net: NetName=GND Pin=P4-2
Added Pin To Net: NetName=VIN Pin=P5-1
Added Pin To Net: NetName=GND Pin=P5-2
Added Pin To Net: NetName=BOOST_OUT Pin=P6-1
Added Pin To Net: NetName=GND Pin=P6-2
Added Pin To Net: NetName=VIN Pin=P6-3
Added Pin To Net: NetName=GND Pin=P6-4
Added Pin To Net: NetName=RX- Pin=P7-3
Added Pin To Net: NetName=RX+ Pin=P7-6
Added Pin To Net: NetName=TX- Pin=P7-7
Added Pin To Net: NetName=TX+ Pin=P7-8
Added Member To Class: ClassName=TailBoard Member=Component P1 RJ45 PUE - Head
Added Member To Class: ClassName=TailBoard Member=Component P2 USB - Data card
Added Member To Class: ClassName=TailBoard Member=Component P3 Boost Conveter
Added Member To Class: ClassName=TailBoard Member=Component P4 Charger
Added Member To Class: ClassName=TailBoard Member=Component P5 12V Battery
Added Member To Class: ClassName=TailBoard Member=Component P6 Buck Conveter
Added Member To Class: ClassName=TailBoard Member=Component P7 RJ45 Ethernet
Added Room: Name=TailBoard
