Added Component: Designator=P3(HDR2X2)
Added Component: Designator=P4(HDR1X2)
Added Component: Designator=P5(HDR1X2)
Added Component: Designator=P6(HDR2X2)
Added Pin To Net: NetName=VCC Pin=P3-1
Added Pin To Net: NetName=GND Pin=P3-2
Added Pin To Net: NetName=VIN Pin=P3-3
Added Pin To Net: NetName=GND Pin=P3-4
Added Pin To Net: NetName=VIN Pin=P4-1
Added Pin To Net: NetName=GND Pin=P4-2
Added Pin To Net: NetName=VIN Pin=P5-1
Added Pin To Net: NetName=GND Pin=P5-2
Added Pin To Net: NetName=BOOST_OUT Pin=P6-1
Added Pin To Net: NetName=GND Pin=P6-2
Added Pin To Net: NetName=VIN Pin=P6-3
Added Pin To Net: NetName=GND Pin=P6-4
Added Member To Class: ClassName=TailBoard Member=Component P3 Boost Conveter
Added Member To Class: ClassName=TailBoard Member=Component P4 Charger
Added Member To Class: ClassName=TailBoard Member=Component P5 12V Battery
Added Member To Class: ClassName=TailBoard Member=Component P6 Buck Conveter
